# JRE version: OpenJDK Runtime Environment (21.0.5) (build 21.0.5+-12932927-b750.29)
# Java VM: OpenJDK 64-Bit Server VM (21.0.5+-12932927-b750.29, mixed mode, tiered, compressed oops, compressed class ptrs, g1 gc, windows-amd64)
GC Precious Log:
 CardTable entry size: 512
 Card Set container configuration: InlinePtr #cards 5 size 8 Array Of Cards #cards 12 size 40 Howl #buckets 4 coarsen threshold 1843 Howl Bitmap #cards 512 size 80 coarsen threshold 460 Card regions per heap region 1 cards per card region 2048
 CPUs: 12 total, 12 available
 Memory: 7860M
 Large Page Support: Disabled
 NUMA Support: Disabled
 Compressed Oops: Enabled (32-bit)
 Heap Region Size: 1M
 Heap Min Capacity: 8M
 Heap Initial Capacity: 124M
 Heap Max Capacity: 2G
 Pre-touch: Disabled
 Parallel Workers: 10
 Concurrent Workers: 3
 Concurrent Refinement Workers: 10
 Periodic GC: Disabled
Heap:
 garbage-first heap   total 429056K, used 408616K [0x0000000080000000, 0x0000000100000000)
  region size 1024K, 194 young (198656K), 15 survivors (15360K)
 Metaspace       used 182385K, committed 184960K, reserved 1245184K
  class space    used 23292K, committed 24576K, reserved 1048576K
GC Heap History (20 events):
Event: 14.011 GC heap after
{Heap after GC invocations=43 (full 0):
 garbage-first heap   total 247808K, used 165475K [0x0000000080000000, 0x0000000100000000)
  region size 1024K, 9 young (9216K), 9 survivors (9216K)
 Metaspace       used 149331K, committed 151680K, reserved 1245184K
  class space    used 19101K, committed 20288K, reserved 1048576K
}
Event: 14.299 GC heap before
{Heap before GC invocations=43 (full 0):
 garbage-first heap   total 247808K, used 220771K [0x0000000080000000, 0x0000000100000000)
  region size 1024K, 64 young (65536K), 9 survivors (9216K)
 Metaspace       used 149459K, committed 151808K, reserved 1245184K
  class space    used 19103K, committed 20288K, reserved 1048576K
}
Event: 14.305 GC heap after
{Heap after GC invocations=44 (full 0):
 garbage-first heap   total 247808K, used 169794K [0x0000000080000000, 0x0000000100000000)
  region size 1024K, 7 young (7168K), 7 survivors (7168K)
 Metaspace       used 149459K, committed 151808K, reserved 1245184K
  class space    used 19103K, committed 20288K, reserved 1048576K
}
Event: 14.500 GC heap before
{Heap before GC invocations=45 (full 0):
 garbage-first heap   total 283648K, used 224066K [0x0000000080000000, 0x0000000100000000)
  region size 1024K, 60 young (61440K), 7 survivors (7168K)
 Metaspace       used 149566K, committed 151936K, reserved 1245184K
  class space    used 19103K, committed 20288K, reserved 1048576K
}
Event: 14.506 GC heap after
{Heap after GC invocations=46 (full 0):
 garbage-first heap   total 283648K, used 172453K [0x0000000080000000, 0x0000000100000000)
  region size 1024K, 6 young (6144K), 6 survivors (6144K)
 Metaspace       used 149566K, committed 151936K, reserved 1245184K
  class space    used 19103K, committed 20288K, reserved 1048576K
}
Event: 14.993 GC heap before
{Heap before GC invocations=46 (full 0):
 garbage-first heap   total 283648K, used 255397K [0x0000000080000000, 0x0000000100000000)
  region size 1024K, 86 young (88064K), 6 survivors (6144K)
 Metaspace       used 149823K, committed 152128K, reserved 1245184K
  class space    used 19124K, committed 20288K, reserved 1048576K
}
Event: 14.999 GC heap after
{Heap after GC invocations=47 (full 0):
 garbage-first heap   total 283648K, used 168381K [0x0000000080000000, 0x0000000100000000)
  region size 1024K, 9 young (9216K), 9 survivors (9216K)
 Metaspace       used 149823K, committed 152128K, reserved 1245184K
  class space    used 19124K, committed 20288K, reserved 1048576K
}
Event: 15.008 GC heap before
{Heap before GC invocations=47 (full 0):
 garbage-first heap   total 283648K, used 168381K [0x0000000080000000, 0x0000000100000000)
  region size 1024K, 10 young (10240K), 9 survivors (9216K)
 Metaspace       used 149850K, committed 152192K, reserved 1245184K
  class space    used 19124K, committed 20288K, reserved 1048576K
}
Event: 15.012 GC heap after
{Heap after GC invocations=48 (full 0):
 garbage-first heap   total 283648K, used 168755K [0x0000000080000000, 0x0000000100000000)
  region size 1024K, 6 young (6144K), 6 survivors (6144K)
 Metaspace       used 149850K, committed 152192K, reserved 1245184K
  class space    used 19124K, committed 20288K, reserved 1048576K
}
Event: 15.448 GC heap before
{Heap before GC invocations=49 (full 0):
 garbage-first heap   total 285696K, used 268083K [0x0000000080000000, 0x0000000100000000)
  region size 1024K, 95 young (97280K), 6 survivors (6144K)
 Metaspace       used 150041K, committed 152384K, reserved 1245184K
  class space    used 19124K, committed 20288K, reserved 1048576K
}
Event: 15.457 GC heap after
{Heap after GC invocations=50 (full 0):
 garbage-first heap   total 291840K, used 188023K [0x0000000080000000, 0x0000000100000000)
  region size 1024K, 12 young (12288K), 12 survivors (12288K)
 Metaspace       used 150041K, committed 152384K, reserved 1245184K
  class space    used 19124K, committed 20288K, reserved 1048576K
}
Event: 16.198 GC heap before
{Heap before GC invocations=50 (full 0):
 garbage-first heap   total 291840K, used 267895K [0x0000000080000000, 0x0000000100000000)
  region size 1024K, 86 young (88064K), 12 survivors (12288K)
 Metaspace       used 153795K, committed 156160K, reserved 1245184K
  class space    used 19542K, committed 20736K, reserved 1048576K
}
Event: 16.209 GC heap after
{Heap after GC invocations=51 (full 0):
 garbage-first heap   total 424960K, used 194237K [0x0000000080000000, 0x0000000100000000)
  region size 1024K, 10 young (10240K), 10 survivors (10240K)
 Metaspace       used 153795K, committed 156160K, reserved 1245184K
  class space    used 19542K, committed 20736K, reserved 1048576K
}
Event: 17.513 GC heap before
{Heap before GC invocations=51 (full 0):
 garbage-first heap   total 424960K, used 335549K [0x0000000080000000, 0x0000000100000000)
  region size 1024K, 142 young (145408K), 10 survivors (10240K)
 Metaspace       used 164044K, committed 166464K, reserved 1245184K
  class space    used 20870K, committed 22080K, reserved 1048576K
}
Event: 17.520 GC heap after
{Heap after GC invocations=52 (full 0):
 garbage-first heap   total 424960K, used 204377K [0x0000000080000000, 0x0000000100000000)
  region size 1024K, 18 young (18432K), 18 survivors (18432K)
 Metaspace       used 164044K, committed 166464K, reserved 1245184K
  class space    used 20870K, committed 22080K, reserved 1048576K
}
Event: 18.258 GC heap before
{Heap before GC invocations=52 (full 0):
 garbage-first heap   total 424960K, used 290393K [0x0000000080000000, 0x0000000100000000)
  region size 1024K, 103 young (105472K), 18 survivors (18432K)
 Metaspace       used 164790K, committed 167232K, reserved 1245184K
  class space    used 20923K, committed 22144K, reserved 1048576K
}
Event: 18.265 GC heap after
{Heap after GC invocations=53 (full 0):
 garbage-first heap   total 424960K, used 212465K [0x0000000080000000, 0x0000000100000000)
  region size 1024K, 17 young (17408K), 17 survivors (17408K)
 Metaspace       used 164790K, committed 167232K, reserved 1245184K
  class space    used 20923K, committed 22144K, reserved 1048576K
}
Event: 19.593 GC heap before
{Heap before GC invocations=54 (full 0):
 garbage-first heap   total 424960K, used 386545K [0x0000000080000000, 0x0000000100000000)
  region size 1024K, 185 young (189440K), 17 survivors (17408K)
 Metaspace       used 172489K, committed 175040K, reserved 1245184K
  class space    used 21779K, committed 23040K, reserved 1048576K
}
Event: 19.601 GC heap after
{Heap after GC invocations=55 (full 0):
 garbage-first heap   total 424960K, used 210984K [0x0000000080000000, 0x0000000100000000)
  region size 1024K, 7 young (7168K), 7 survivors (7168K)
 Metaspace       used 172489K, committed 175040K, reserved 1245184K
  class space    used 21779K, committed 23040K, reserved 1048576K
}
Event: 21.074 GC heap before
{Heap before GC invocations=55 (full 0):
 garbage-first heap   total 424960K, used 407592K [0x0000000080000000, 0x0000000100000000)
  region size 1024K, 186 young (190464K), 7 survivors (7168K)
 Metaspace       used 182385K, committed 184960K, reserved 1245184K
  class space    used 23292K, committed 24576K, reserved 1048576K
}

